<?xml version="1.0" encoding="UTF-8"?>
<testng-results total="2" passed="2" failed="0" skipped="0">
  <reporter-output>
  </reporter-output>
  <suite started-at="2023-12-18T07:00:34Z" name="Suite" finished-at="2023-12-18T07:01:54Z" duration-ms="79922">
    <groups>
    </groups>
    <test started-at="2023-12-18T07:00:34Z" name="Test" finished-at="2023-12-18T07:01:54Z" duration-ms="79922">
      <class name="TestCases.GetiphonePriceTest">
        <test-method is-config="true" signature="initializeBrowser()[pri:0, instance:TestCases.GetiphonePriceTest@352c1b98]" started-at="2023-12-18T12:30:34Z" name="initializeBrowser" finished-at="2023-12-18T12:30:43Z" duration-ms="8628" status="PASS">
          <reporter-output>
          </reporter-output>
        </test-method> <!-- initializeBrowser -->
        <test-method signature="getPrice()[pri:0, instance:TestCases.GetiphonePriceTest@352c1b98]" started-at="2023-12-18T12:30:43Z" name="getPrice" finished-at="2023-12-18T12:30:47Z" duration-ms="4324" status="PASS">
          <reporter-output>
          </reporter-output>
        </test-method> <!-- getPrice -->
        <test-method is-config="true" signature="closeBrowser()[pri:0, instance:TestCases.GetiphonePriceTest@352c1b98]" started-at="2023-12-18T12:30:47Z" name="closeBrowser" finished-at="2023-12-18T12:30:47Z" duration-ms="295" status="PASS">
          <reporter-output>
          </reporter-output>
        </test-method> <!-- closeBrowser -->
      </class> <!-- TestCases.GetiphonePriceTest -->
      <class name="TestCases.RegisterUserTest">
        <test-method is-config="true" signature="launchApp()[pri:0, instance:TestCases.RegisterUserTest@41005828]" started-at="2023-12-18T12:30:47Z" name="launchApp" finished-at="2023-12-18T12:31:42Z" duration-ms="54446" status="PASS">
          <reporter-output>
          </reporter-output>
        </test-method> <!-- launchApp -->
        <test-method signature="registerUser()[pri:0, instance:TestCases.RegisterUserTest@41005828]" started-at="2023-12-18T12:31:42Z" name="registerUser" finished-at="2023-12-18T12:31:52Z" duration-ms="10552" status="PASS">
          <reporter-output>
          </reporter-output>
        </test-method> <!-- registerUser -->
        <test-method is-config="true" signature="closeBrowser()[pri:0, instance:TestCases.RegisterUserTest@41005828]" started-at="2023-12-18T12:31:52Z" name="closeBrowser" finished-at="2023-12-18T12:31:54Z" duration-ms="1669" status="PASS">
          <reporter-output>
          </reporter-output>
        </test-method> <!-- closeBrowser -->
      </class> <!-- TestCases.RegisterUserTest -->
    </test> <!-- Test -->
  </suite> <!-- Suite -->
</testng-results>
